15-Apr-2024 12:33:08.876 INFO [main] org.apache.catalina.startup.VersionLoggerListener.log 서버 버전 이름:    Apache Tomcat/9.0.85
15-Apr-2024 12:33:08.879 INFO [main] org.apache.catalina.startup.VersionLoggerListener.log Server 빌드 시각:  Jan 5 2024 08:28:07 UTC
15-Apr-2024 12:33:08.879 INFO [main] org.apache.catalina.startup.VersionLoggerListener.log Server 버전 번호:  9.0.85.0
15-Apr-2024 12:33:08.880 INFO [main] org.apache.catalina.startup.VersionLoggerListener.log 운영체제 이름:     Windows 10
15-Apr-2024 12:33:08.880 INFO [main] org.apache.catalina.startup.VersionLoggerListener.log 운영체제 버전:     10.0
15-Apr-2024 12:33:08.880 INFO [main] org.apache.catalina.startup.VersionLoggerListener.log 아키텍처:          amd64
15-Apr-2024 12:33:08.880 INFO [main] org.apache.catalina.startup.VersionLoggerListener.log 자바 홈:           C:\Program Files\Java\jdk-11
15-Apr-2024 12:33:08.880 INFO [main] org.apache.catalina.startup.VersionLoggerListener.log JVM 버전:          11.0.21+9-LTS-193
15-Apr-2024 12:33:08.880 INFO [main] org.apache.catalina.startup.VersionLoggerListener.log JVM 벤더:          Oracle Corporation
15-Apr-2024 12:33:08.880 INFO [main] org.apache.catalina.startup.VersionLoggerListener.log CATALINA_BASE:     C:\Users\DW\Downloads\MC
15-Apr-2024 12:33:08.880 INFO [main] org.apache.catalina.startup.VersionLoggerListener.log CATALINA_HOME:     C:\Users\DW\Downloads\apache-tomcat-9.0.85
15-Apr-2024 12:33:08.892 INFO [main] org.apache.catalina.startup.VersionLoggerListener.log 명령 행 아규먼트:  --add-opens=java.base/java.lang=ALL-UNNAMED
15-Apr-2024 12:33:08.892 INFO [main] org.apache.catalina.startup.VersionLoggerListener.log 명령 행 아규먼트:  --add-opens=java.base/java.io=ALL-UNNAMED
15-Apr-2024 12:33:08.892 INFO [main] org.apache.catalina.startup.VersionLoggerListener.log 명령 행 아규먼트:  --add-opens=java.base/java.util=ALL-UNNAMED
15-Apr-2024 12:33:08.892 INFO [main] org.apache.catalina.startup.VersionLoggerListener.log 명령 행 아규먼트:  --add-opens=java.base/java.util.concurrent=ALL-UNNAMED
15-Apr-2024 12:33:08.893 INFO [main] org.apache.catalina.startup.VersionLoggerListener.log 명령 행 아규먼트:  --add-opens=java.rmi/sun.rmi.transport=ALL-UNNAMED
15-Apr-2024 12:33:08.893 INFO [main] org.apache.catalina.startup.VersionLoggerListener.log 명령 행 아규먼트:  -Dcatalina.home=C:\Users\DW\Downloads\apache-tomcat-9.0.85
15-Apr-2024 12:33:08.893 INFO [main] org.apache.catalina.startup.VersionLoggerListener.log 명령 행 아규먼트:  -Dcatalina.base=C:\Users\DW\Downloads\MC
15-Apr-2024 12:33:08.893 INFO [main] org.apache.catalina.startup.VersionLoggerListener.log 명령 행 아규먼트:  -Djava.io.tmpdir=C:\Users\DW\Downloads\MC\temp
15-Apr-2024 12:33:08.893 INFO [main] org.apache.catalina.startup.VersionLoggerListener.log 명령 행 아규먼트:  -Djava.util.logging.config.file=C:\Users\DW\Downloads\MC\conf\logging.properties
15-Apr-2024 12:33:08.893 INFO [main] org.apache.catalina.startup.VersionLoggerListener.log 명령 행 아규먼트:  -Djava.util.logging.manager=org.apache.juli.ClassLoaderLogManager
15-Apr-2024 12:33:08.893 INFO [main] org.apache.catalina.startup.VersionLoggerListener.log 명령 행 아규먼트:  -javaagent:C:\Program Files\JetBrains\IntelliJ IDEA Community Edition 2023.3.3\lib\idea_rt.jar=62268:C:\Program Files\JetBrains\IntelliJ IDEA Community Edition 2023.3.3\bin
15-Apr-2024 12:33:08.893 INFO [main] org.apache.catalina.startup.VersionLoggerListener.log 명령 행 아규먼트:  -Dfile.encoding=UTF-8
15-Apr-2024 12:33:08.901 INFO [main] org.apache.catalina.core.AprLifecycleListener.lifecycleEvent 프로덕션 환경들에서 최적의 성능을 제공하는, APR 기반 Apache Tomcat Native 라이브러리가, 다음 java.library.path에서 발견되지 않습니다: [C:\Program Files\Java\jdk-11\bin;C:\WINDOWS\Sun\Java\bin;C:\WINDOWS\system32;C:\WINDOWS;C:\Program Files\Common Files\Oracle\Java\javapath;C:\WINDOWS\system32;C:\WINDOWS;C:\WINDOWS\System32\Wbem;C:\WINDOWS\System32\WindowsPowerShell\v1.0\;C:\WINDOWS\System32\OpenSSH\;C:\Program Files\Git\cmd;C:\Program Files\Bandizip\;C:\MinGW\bin;C:\Program Files (x86)\Windows Kits\10\Windows Performance Toolkit\;C:\Users\DW\AppData\Local\Microsoft\WindowsApps;C:\Users\DW\AppData\Local\Programs\Microsoft VS Code\bin;.]
15-Apr-2024 12:33:09.300 INFO [main] org.apache.coyote.AbstractProtocol.init 프로토콜 핸들러 ["http-nio-8080"]을(를) 초기화합니다.
15-Apr-2024 12:33:09.332 INFO [main] org.apache.catalina.startup.Catalina.load [766] 밀리초 내에 서버가 초기화되었습니다.
15-Apr-2024 12:33:09.427 INFO [main] org.apache.catalina.core.StandardService.startInternal 서비스 [Catalina]을(를) 시작합니다.
15-Apr-2024 12:33:09.427 INFO [main] org.apache.catalina.core.StandardEngine.startInternal 서버 엔진을 시작합니다: [Apache Tomcat/9.0.85]
15-Apr-2024 12:33:09.441 INFO [main] org.apache.catalina.startup.HostConfig.deployDescriptor 배치 descriptor [C:\Users\DW\Downloads\MC\conf\Catalina\localhost\ROOT.xml]을(를) 배치합니다.
15-Apr-2024 12:33:09.920 INFO [main] org.apache.catalina.startup.HostConfig.deployDescriptor 배치 descriptor [C:\Users\DW\Downloads\MC\conf\Catalina\localhost\ROOT.xml]의 배치가 [477] 밀리초 내에 완료되었습니다.
15-Apr-2024 12:33:09.924 INFO [main] org.apache.coyote.AbstractProtocol.start 프로토콜 핸들러 ["http-nio-8080"]을(를) 시작합니다.
15-Apr-2024 12:33:09.981 INFO [main] org.apache.catalina.startup.Catalina.start 서버가 [648] 밀리초 내에 시작되었습니다.
15-Apr-2024 12:34:23.056 INFO [Thread-1] org.apache.coyote.AbstractProtocol.pause 프로토콜 핸들러 ["http-nio-8080"]을(를) 일시 정지 중
15-Apr-2024 12:34:23.092 INFO [Thread-1] org.apache.catalina.core.StandardService.stopInternal 서비스 [Catalina]을(를) 중지시킵니다.
15-Apr-2024 12:34:23.105 INFO [Thread-1] org.apache.coyote.AbstractProtocol.stop 프로토콜 핸들러 ["http-nio-8080"]을(를) 중지시킵니다.
15-Apr-2024 12:34:23.126 INFO [Thread-1] org.apache.coyote.AbstractProtocol.destroy 프로토콜 핸들러 ["http-nio-8080"]을(를) 소멸시킵니다.
